(cmaxime)Running: start_machine       [ exec_time = 3.337860107421875e-06 ms ]
(cmaxime)Running: make_coffee         [ exec_time = 0.0005180835723876953 ms ]
(cmaxime)Running: start_machine       [ exec_time = 2.1457672119140625e-06 ms ]
(cmaxime)Running: make_coffee         [ exec_time = 0.00016951560974121094 ms ]
(cmaxime)Running: start_machine       [ exec_time = 1.9073486328125e-06 ms ]
(cmaxime)Running: make_coffee         [ exec_time = 0.00016450881958007812 ms ]
(cmaxime)Running: start_machine       [ exec_time = 2.1457672119140625e-06 ms ]
(cmaxime)Running: make_coffee         [ exec_time = 0.0001842975616455078 ms ]
(cmaxime)Running: start_machine       [ exec_time = 1.6689300537109375e-06 ms ]
(cmaxime)Running: make_coffee         [ exec_time = 0.00018095970153808594 ms ]
(cmaxime)Running: start_machine       [ exec_time = 1.9073486328125e-06 ms ]
(cmaxime)Running: make_coffee         [ exec_time = 0.0001697540283203125 ms ]
(cmaxime)Running: add_water           [ exec_time = 1.0016052722930908 ms ]
(cmaxime)Running: start_machine       [ exec_time = {ex_time:.3f} ms ]
(cmaxime)Running: make_coffee         [ exec_time = {ex_time:.3f} ms ]
(cmaxime)Running: start_machine       [ exec_time = {ex_time:.3f} ms ]
(cmaxime)Running: make_coffee         [ exec_time = {ex_time:.3f} ms ]
(cmaxime)Running: start_machine       [ exec_time = {ex_time:.3f} ms ]
(cmaxime)Running: make_coffee         [ exec_time = {ex_time:.3f} ms ]
(cmaxime)Running: start_machine       [ exec_time = {ex_time:.3f} ms ]
(cmaxime)Running: make_coffee         [ exec_time = {ex_time:.3f} ms ]
(cmaxime)Running: start_machine       [ exec_time = {ex_time:.3f} ms ]
(cmaxime)Running: make_coffee         [ exec_time = {ex_time:.3f} ms ]
(cmaxime)Running: start_machine       [ exec_time = {ex_time:.3f} ms ]
(cmaxime)Running: make_coffee         [ exec_time = {ex_time:.3f} ms ]
(cmaxime)Running: add_water           [ exec_time = {ex_time:.3f} ms ]
(cmaxime)Running: start_machine       [ exec_time =  0.000 ms ]
(cmaxime)Running: make_coffee         [ exec_time =  0.034 ms ]
(cmaxime)Running: start_machine       [ exec_time =  0.000 ms ]
(cmaxime)Running: make_coffee         [ exec_time =  0.000 ms ]
(cmaxime)Running: start_machine       [ exec_time =  0.000 ms ]
(cmaxime)Running: make_coffee         [ exec_time =  0.000 ms ]
(cmaxime)Running: start_machine       [ exec_time =  0.000 ms ]
(cmaxime)Running: make_coffee         [ exec_time =  0.000 ms ]
(cmaxime)Running: start_machine       [ exec_time =  0.000 ms ]
(cmaxime)Running: make_coffee         [ exec_time =  0.000 ms ]
(cmaxime)Running: start_machine       [ exec_time =  0.000 ms ]
(cmaxime)Running: make_coffee         [ exec_time =  0.000 ms ]
(cmaxime)Running: add_water           [ exec_time =  1.001 ms ]
